Using pre-set license
Built from '2020.2/release' branch; Version is '2020.2.2f1 (068178b99f32) revision 426360'; Using compiler version '192528614'; Build Type 'Release'
OS: 'Windows 10 Home; OS build 19041.1083; Version 2004; 64bit' Language: 'en' Physical Memory: 8059 MB
BatchMode: 1, IsHumanControllingUs: 0, StartBugReporterOnCrash: 0, Is64bit: 1, IsPro: 0

 COMMAND LINE ARGUMENTS:
C:\Program Files\Unity\Editor\Unity.exe
-adb2
-batchMode
-noUpm
-name
AssetImportWorker0
-projectPath
C:/Users/mncoo/OneDrive/Documents/GitHub/freedom-themed-game/Freedom Game Project
-logFile
Logs/AssetImportWorker0.log
-srvPort
57082
Successfully changed project path to: C:/Users/mncoo/OneDrive/Documents/GitHub/freedom-themed-game/Freedom Game Project
C:/Users/mncoo/OneDrive/Documents/GitHub/freedom-themed-game/Freedom Game Project
Using Asset Import Pipeline V2.
Refreshing native plugins compatible for Editor in 12.43 ms, found 0 plugins.
Preloading 0 native plugins for Editor in 0.00 ms.
Initialize engine version: 2020.2.2f1 (068178b99f32)
[Subsystems] Discovering subsystems at path C:/Program Files/Unity/Editor/Data/Resources/UnitySubsystems
[Subsystems] Discovering subsystems at path C:/Users/mncoo/OneDrive/Documents/GitHub/freedom-themed-game/Freedom Game Project/Assets
GfxDevice: creating device client; threaded=0
Direct3D:
    Version:  Direct3D 11.0 [level 11.1]
    Renderer: NVIDIA GeForce GTX 1650 (ID=0x1f99)
    Vendor:   
    VRAM:     3962 MB
    Driver:   27.21.14.5256
Initialize mono
Mono path[0] = 'C:/Program Files/Unity/Editor/Data/Managed'
Mono path[1] = 'C:/Program Files/Unity/Editor/Data/MonoBleedingEdge/lib/mono/unityjit'
Mono config path = 'C:/Program Files/Unity/Editor/Data/MonoBleedingEdge/etc'
Using monoOptions --debugger-agent=transport=dt_socket,embedding=1,server=y,suspend=n,address=127.0.0.1:56284
Begin MonoManager ReloadAssembly
Registering precompiled unity dll's ...
Register platform support module: C:/Program Files/Unity/Editor/Data/PlaybackEngines/WindowsStandaloneSupport/UnityEditor.WindowsStandalone.Extensions.dll
Registered in 0.001682 seconds.
Native extension for WindowsStandalone target not found
Refreshing native plugins compatible for Editor in 12.40 ms, found 0 plugins.
Preloading 0 native plugins for Editor in 0.00 ms.
Invoked RoslynAnalysisRunner static constructor.
RoslynAnalysisRunner will not be running.
RoslynAnalysisRunner has terminated.
Mono: successfully reloaded assembly
- Completed reload, in  0.820 seconds
Platform modules already initialized, skipping
Registering precompiled user dll's ...
Registered in 0.000219 seconds.
Begin MonoManager ReloadAssembly
Native extension for WindowsStandalone target not found
Refreshing native plugins compatible for Editor in 13.01 ms, found 0 plugins.
Preloading 0 native plugins for Editor in 0.00 ms.
Invoked RoslynAnalysisRunner static constructor.
RoslynAnalysisRunner will not be running.
RoslynAnalysisRunner has terminated.
Mono: successfully reloaded assembly
- Completed reload, in  0.829 seconds
Platform modules already initialized, skipping
========================================================================
Worker process is ready to serve import requests
Launched and connected shader compiler UnityShaderCompiler.exe after 0.03 seconds
Refreshing native plugins compatible for Editor in 0.17 ms, found 0 plugins.
Preloading 0 native plugins for Editor in 0.00 ms.
Unloading 1144 Unused Serialized files (Serialized files now loaded: 0)
System memory in use before: 68.4 MB.
System memory in use after: 68.4 MB.

Unloading 86 unused Assets to reduce memory usage. Loaded Objects now: 1576.
Total: 2.001900 ms (FindLiveObjects: 0.159100 ms CreateObjectMapping: 0.047900 ms MarkObjects: 1.632400 ms  DeleteObjects: 0.161600 ms)

========================================================================
Received Import Request.
  path: Assets/PlayerController.inputactions
  artifactKey: Guid(208b18a08b05e124296d24ff19e6b865) Importer(815301076,1909f56bfc062723c751e8b465ee728b)
Start importing Assets/PlayerController.inputactions using Guid(208b18a08b05e124296d24ff19e6b865) Importer(815301076,1909f56bfc062723c751e8b465ee728b)  -> (artifact id: '87e9c8190ab0dc3485e68cb0d7ef8999') in 0.030532 seconds
  Import took 0.035575 seconds .

========================================================================
Received Import Request.
  Time since last request: 2.718799 seconds.
  path: Assets/PlayerController.inputactions
  artifactKey: Guid(208b18a08b05e124296d24ff19e6b865) Importer(815301076,1909f56bfc062723c751e8b465ee728b)
Start importing Assets/PlayerController.inputactions using Guid(208b18a08b05e124296d24ff19e6b865) Importer(815301076,1909f56bfc062723c751e8b465ee728b)  -> (artifact id: 'a0df5becc502059239aa8db4dbb5f2d5') in 0.006419 seconds
  Import took 0.012953 seconds .

========================================================================
Received Import Request.
  Time since last request: 0.000961 seconds.
  path: Assets/PlayerController.inputactions
  artifactKey: Guid(208b18a08b05e124296d24ff19e6b865) Importer(815301076,1909f56bfc062723c751e8b465ee728b)
Start importing Assets/PlayerController.inputactions using Guid(208b18a08b05e124296d24ff19e6b865) Importer(815301076,1909f56bfc062723c751e8b465ee728b)  -> (artifact id: 'a0df5becc502059239aa8db4dbb5f2d5') in 0.005047 seconds
  Import took 0.009831 seconds .

========================================================================
Received Import Request.
  Time since last request: 19.754201 seconds.
  path: Assets/PlayerController.inputactions
  artifactKey: Guid(208b18a08b05e124296d24ff19e6b865) Importer(815301076,1909f56bfc062723c751e8b465ee728b)
Start importing Assets/PlayerController.inputactions using Guid(208b18a08b05e124296d24ff19e6b865) Importer(815301076,1909f56bfc062723c751e8b465ee728b)  -> (artifact id: 'ddea4a451e70e898b4372b82dc9a6923') in 0.005700 seconds
  Import took 0.008566 seconds .

========================================================================
Received Import Request.
  Time since last request: 0.004973 seconds.
  path: Assets/PlayerController.inputactions
  artifactKey: Guid(208b18a08b05e124296d24ff19e6b865) Importer(815301076,1909f56bfc062723c751e8b465ee728b)
Start importing Assets/PlayerController.inputactions using Guid(208b18a08b05e124296d24ff19e6b865) Importer(815301076,1909f56bfc062723c751e8b465ee728b)  -> (artifact id: 'ddea4a451e70e898b4372b82dc9a6923') in 0.005920 seconds
  Import took 0.011222 seconds .

========================================================================
Received Import Request.
  Time since last request: 6.271618 seconds.
  path: Assets/PlayerController.inputactions
  artifactKey: Guid(208b18a08b05e124296d24ff19e6b865) Importer(815301076,1909f56bfc062723c751e8b465ee728b)
Start importing Assets/PlayerController.inputactions using Guid(208b18a08b05e124296d24ff19e6b865) Importer(815301076,1909f56bfc062723c751e8b465ee728b)  -> (artifact id: '7ac729f977a3e140e72bff6e0f21a795') in 0.005338 seconds
  Import took 0.009162 seconds .

========================================================================
Received Import Request.
  Time since last request: 0.000710 seconds.
  path: Assets/PlayerController.inputactions
  artifactKey: Guid(208b18a08b05e124296d24ff19e6b865) Importer(815301076,1909f56bfc062723c751e8b465ee728b)
Start importing Assets/PlayerController.inputactions using Guid(208b18a08b05e124296d24ff19e6b865) Importer(815301076,1909f56bfc062723c751e8b465ee728b)  -> (artifact id: '7ac729f977a3e140e72bff6e0f21a795') in 0.005565 seconds
  Import took 0.009820 seconds .

========================================================================
Received Prepare
Registering precompiled user dll's ...
Registered in 0.000171 seconds.
Begin MonoManager ReloadAssembly
Native extension for WindowsStandalone target not found
Refreshing native plugins compatible for Editor in 0.17 ms, found 0 plugins.
Preloading 0 native plugins for Editor in 0.00 ms.
Warning: Annotation not found!
UnityEngine.StackTraceUtility:ExtractStackTrace ()
UnityEditor.ProBuilder.EditorUtility:SetGizmoIconEnabled (System.Type,bool) (at Library/PackageCache/com.unity.probuilder@4.4.0/Editor/EditorCore/EditorUtility.cs:593)
UnityEditor.ProBuilder.HierarchyListener:.cctor () (at Library/PackageCache/com.unity.probuilder@4.4.0/Editor/EditorCore/HierarchyListener.cs:21)
System.Runtime.CompilerServices.RuntimeHelpers:RunClassConstructor (System.RuntimeTypeHandle)
UnityEditor.EditorAssemblies:ProcessInitializeOnLoadAttributes (System.Type[])

[Library/PackageCache/com.unity.probuilder@4.4.0/Editor/EditorCore/EditorUtility.cs line 593]

Invoked RoslynAnalysisRunner static constructor.
RoslynAnalysisRunner will not be running.
RoslynAnalysisRunner has terminated.
Mono: successfully reloaded assembly
- Completed reload, in  0.688 seconds
Platform modules already initialized, skipping
Refreshing native plugins compatible for Editor in 0.19 ms, found 0 plugins.
Preloading 0 native plugins for Editor in 0.00 ms.
Unloading 1105 Unused Serialized files (Serialized files now loaded: 0)
System memory in use before: 66.5 MB.
System memory in use after: 66.5 MB.

Unloading 3 unused Assets to reduce memory usage. Loaded Objects now: 1576.
Total: 2.402400 ms (FindLiveObjects: 0.136300 ms CreateObjectMapping: 0.034400 ms MarkObjects: 2.138600 ms  DeleteObjects: 0.092000 ms)

========================================================================
Received Prepare
Registering precompiled user dll's ...
Registered in 0.000159 seconds.
Begin MonoManager ReloadAssembly
Native extension for WindowsStandalone target not found
Refreshing native plugins compatible for Editor in 0.17 ms, found 0 plugins.
Preloading 0 native plugins for Editor in 0.00 ms.
Warning: Annotation not found!
UnityEngine.StackTraceUtility:ExtractStackTrace ()
UnityEditor.ProBuilder.EditorUtility:SetGizmoIconEnabled (System.Type,bool) (at Library/PackageCache/com.unity.probuilder@4.4.0/Editor/EditorCore/EditorUtility.cs:593)
UnityEditor.ProBuilder.HierarchyListener:.cctor () (at Library/PackageCache/com.unity.probuilder@4.4.0/Editor/EditorCore/HierarchyListener.cs:21)
System.Runtime.CompilerServices.RuntimeHelpers:RunClassConstructor (System.RuntimeTypeHandle)
UnityEditor.EditorAssemblies:ProcessInitializeOnLoadAttributes (System.Type[])

[Library/PackageCache/com.unity.probuilder@4.4.0/Editor/EditorCore/EditorUtility.cs line 593]

Invoked RoslynAnalysisRunner static constructor.
RoslynAnalysisRunner will not be running.
RoslynAnalysisRunner has terminated.
Mono: successfully reloaded assembly
- Completed reload, in  0.687 seconds
Platform modules already initialized, skipping
Refreshing native plugins compatible for Editor in 0.28 ms, found 0 plugins.
Preloading 0 native plugins for Editor in 0.00 ms.
Unloading 1105 Unused Serialized files (Serialized files now loaded: 0)
System memory in use before: 66.8 MB.
System memory in use after: 66.9 MB.

Unloading 3 unused Assets to reduce memory usage. Loaded Objects now: 1576.
Total: 2.107200 ms (FindLiveObjects: 0.175200 ms CreateObjectMapping: 0.048000 ms MarkObjects: 1.796500 ms  DeleteObjects: 0.085900 ms)

========================================================================
Received Import Request.
  Time since last request: 582.972018 seconds.
  path: Assets/Materials/WallMaterial.jpg
  artifactKey: Guid(436ff89cdfa0d30448a53be2e7a5e81b) Importer(815301076,1909f56bfc062723c751e8b465ee728b)
Start importing Assets/Materials/WallMaterial.jpg using Guid(436ff89cdfa0d30448a53be2e7a5e81b) Importer(815301076,1909f56bfc062723c751e8b465ee728b)  -> (artifact id: '659e59630fc6936b792d4f72541e1068') in 0.139795 seconds
  Import took 0.143271 seconds .

AssetImportWorkerClient::OnTransportError - code=2 error=End of file
